<?xml version="1.0" encoding="UTF-8"?>
<!-- Generated by org.testng.reporters.JUnitXMLReporter -->
<testsuite ignored="0" hostname="Alan-Turing" failures="0" tests="9" name="Test" time="0.069" errors="0" timestamp="2022-11-23T11:23:33 IST">
  <testcase classname="Test.Day1" name="Demo" time="0.01"/>
  <testcase classname="Test.Day1" name="Demo2" time="0.001"/>
  <testcase classname="Test.Day2" name="loan" time="0.001"/>
  <testcase classname="Test.Day3" name="LoginAPIcarloan" time="0.001"/>
  <testcase classname="Test.Day3" name="MobileLogincarloan" time="0.002"/>
  <testcase classname="Test.Day3" name="WebloginCarLoan" time="0.001"/>
  <testcase classname="Test.Day4" name="LoginAPIhomeloan" time="0.001"/>
  <testcase classname="Test.Day4" name="MobileLoginhomeloan" time="0.0"/>
  <testcase classname="Test.Day4" name="WebloginhomeLoan" time="0.001"/>
</testsuite> <!-- Test -->
