<?xml version="1.0" encoding="UTF-8"?>
<testng-results ignored="0" total="9" passed="9" failed="0" skipped="0">
  <reporter-output>
  </reporter-output>
  <suite started-at="2022-11-23T11:23:33 IST" name="Loan Department" finished-at="2022-11-23T11:23:33 IST" duration-ms="69">
    <groups>
    </groups>
    <test started-at="2022-11-23T11:23:33 IST" name="Test" finished-at="2022-11-23T11:23:33 IST" duration-ms="69">
      <class name="Test.Day2">
        <test-method signature="loan()[pri:0, instance:Test.Day2@e7edb54]" started-at="2022-11-23T11:23:33 IST" name="loan" finished-at="2022-11-23T11:23:33 IST" duration-ms="1" status="PASS">
          <reporter-output>
          </reporter-output>
        </test-method> <!-- loan -->
      </class> <!-- Test.Day2 -->
      <class name="Test.Day3">
        <test-method signature="LoginAPIcarloan()[pri:0, instance:Test.Day3@378542de]" started-at="2022-11-23T11:23:33 IST" name="LoginAPIcarloan" finished-at="2022-11-23T11:23:33 IST" duration-ms="1" status="PASS">
          <reporter-output>
          </reporter-output>
        </test-method> <!-- LoginAPIcarloan -->
        <test-method signature="MobileLogincarloan()[pri:0, instance:Test.Day3@378542de]" started-at="2022-11-23T11:23:33 IST" name="MobileLogincarloan" finished-at="2022-11-23T11:23:33 IST" duration-ms="2" status="PASS">
          <reporter-output>
          </reporter-output>
        </test-method> <!-- MobileLogincarloan -->
        <test-method signature="WebloginCarLoan()[pri:0, instance:Test.Day3@378542de]" started-at="2022-11-23T11:23:33 IST" name="WebloginCarLoan" finished-at="2022-11-23T11:23:33 IST" duration-ms="1" status="PASS">
          <reporter-output>
          </reporter-output>
        </test-method> <!-- WebloginCarLoan -->
      </class> <!-- Test.Day3 -->
      <class name="Test.Day1">
        <test-method signature="Demo()[pri:0, instance:Test.Day1@62e7f11d]" started-at="2022-11-23T11:23:33 IST" name="Demo" finished-at="2022-11-23T11:23:33 IST" duration-ms="10" status="PASS">
          <reporter-output>
          </reporter-output>
        </test-method> <!-- Demo -->
        <test-method signature="Demo2()[pri:0, instance:Test.Day1@62e7f11d]" started-at="2022-11-23T11:23:33 IST" name="Demo2" finished-at="2022-11-23T11:23:33 IST" duration-ms="1" status="PASS">
          <reporter-output>
          </reporter-output>
        </test-method> <!-- Demo2 -->
      </class> <!-- Test.Day1 -->
      <class name="Test.Day4">
        <test-method signature="LoginAPIhomeloan()[pri:0, instance:Test.Day4@11bd0f3b]" started-at="2022-11-23T11:23:33 IST" name="LoginAPIhomeloan" finished-at="2022-11-23T11:23:33 IST" duration-ms="1" status="PASS">
          <reporter-output>
          </reporter-output>
        </test-method> <!-- LoginAPIhomeloan -->
        <test-method signature="MobileLoginhomeloan()[pri:0, instance:Test.Day4@11bd0f3b]" started-at="2022-11-23T11:23:33 IST" name="MobileLoginhomeloan" finished-at="2022-11-23T11:23:33 IST" duration-ms="0" status="PASS">
          <reporter-output>
          </reporter-output>
        </test-method> <!-- MobileLoginhomeloan -->
        <test-method signature="WebloginhomeLoan()[pri:0, instance:Test.Day4@11bd0f3b]" started-at="2022-11-23T11:23:33 IST" name="WebloginhomeLoan" finished-at="2022-11-23T11:23:33 IST" duration-ms="1" status="PASS">
          <reporter-output>
          </reporter-output>
        </test-method> <!-- WebloginhomeLoan -->
      </class> <!-- Test.Day4 -->
    </test> <!-- Test -->
  </suite> <!-- Loan Department -->
</testng-results>
